0 info it worked if it ends with ok
1 verbose cli [ '/Users/untoldone/.nvm/v0.10.26/bin/node',
1 verbose cli   '/Users/untoldone/.nvm/v0.10.26/bin/npm',
1 verbose cli   'publish' ]
2 info using npm@1.4.3
3 info using node@v0.10.26
4 verbose publish [ '.' ]
5 verbose cache add [ '.', null ]
6 verbose cache add name=undefined spec="." args=[".",null]
7 verbose parsed url { protocol: null,
7 verbose parsed url   slashes: null,
7 verbose parsed url   auth: null,
7 verbose parsed url   host: null,
7 verbose parsed url   port: null,
7 verbose parsed url   hostname: null,
7 verbose parsed url   hash: null,
7 verbose parsed url   search: null,
7 verbose parsed url   query: null,
7 verbose parsed url   pathname: '.',
7 verbose parsed url   path: '.',
7 verbose parsed url   href: '.' }
8 silly lockFile 3a52ce78- .
9 verbose lock . /Users/untoldone/.npm/3a52ce78-.lock
10 verbose tar pack [ '/var/folders/fq/y2pdd3fj1_x1jc99hw5vfxc80000gn/T/npm-91147-UxVG_xkY/1430421473085-0.16801478597335517/tmp.tgz',
10 verbose tar pack   '.' ]
11 verbose tarball /var/folders/fq/y2pdd3fj1_x1jc99hw5vfxc80000gn/T/npm-91147-UxVG_xkY/1430421473085-0.16801478597335517/tmp.tgz
12 verbose folder .
13 info prepublish bloom-js@0.0.3
14 silly lockFile 1f1177db-tar tar://.
15 verbose lock tar://. /Users/untoldone/.npm/1f1177db-tar.lock
16 silly lockFile d5fd834e-3085-0-16801478597335517-tmp-tgz tar:///var/folders/fq/y2pdd3fj1_x1jc99hw5vfxc80000gn/T/npm-91147-UxVG_xkY/1430421473085-0.16801478597335517/tmp.tgz
17 verbose lock tar:///var/folders/fq/y2pdd3fj1_x1jc99hw5vfxc80000gn/T/npm-91147-UxVG_xkY/1430421473085-0.16801478597335517/tmp.tgz /Users/untoldone/.npm/d5fd834e-3085-0-16801478597335517-tmp-tgz.lock
18 silly lockFile 1f1177db-tar tar://.
19 silly lockFile 1f1177db-tar tar://.
20 silly lockFile d5fd834e-3085-0-16801478597335517-tmp-tgz tar:///var/folders/fq/y2pdd3fj1_x1jc99hw5vfxc80000gn/T/npm-91147-UxVG_xkY/1430421473085-0.16801478597335517/tmp.tgz
21 silly lockFile d5fd834e-3085-0-16801478597335517-tmp-tgz tar:///var/folders/fq/y2pdd3fj1_x1jc99hw5vfxc80000gn/T/npm-91147-UxVG_xkY/1430421473085-0.16801478597335517/tmp.tgz
22 verbose tar unpack /var/folders/fq/y2pdd3fj1_x1jc99hw5vfxc80000gn/T/npm-91147-UxVG_xkY/1430421473085-0.16801478597335517/tmp.tgz
23 silly lockFile 4153b90f-3085-0-16801478597335517-package tar:///var/folders/fq/y2pdd3fj1_x1jc99hw5vfxc80000gn/T/npm-91147-UxVG_xkY/1430421473085-0.16801478597335517/package
24 verbose lock tar:///var/folders/fq/y2pdd3fj1_x1jc99hw5vfxc80000gn/T/npm-91147-UxVG_xkY/1430421473085-0.16801478597335517/package /Users/untoldone/.npm/4153b90f-3085-0-16801478597335517-package.lock
25 silly lockFile d5fd834e-3085-0-16801478597335517-tmp-tgz tar:///var/folders/fq/y2pdd3fj1_x1jc99hw5vfxc80000gn/T/npm-91147-UxVG_xkY/1430421473085-0.16801478597335517/tmp.tgz
26 verbose lock tar:///var/folders/fq/y2pdd3fj1_x1jc99hw5vfxc80000gn/T/npm-91147-UxVG_xkY/1430421473085-0.16801478597335517/tmp.tgz /Users/untoldone/.npm/d5fd834e-3085-0-16801478597335517-tmp-tgz.lock
27 silly gunzTarPerm modes [ '755', '644' ]
28 silly gunzTarPerm extractEntry package.json
29 silly gunzTarPerm extractEntry .npmignore
30 silly gunzTarPerm extractEntry README.md
31 silly gunzTarPerm extractEntry Gruntfile.js
32 silly gunzTarPerm extractEntry src/bloom.js
33 silly gunzTarPerm extractEntry .jshintrc
34 silly gunzTarPerm extractEntry demo/index.html
35 silly gunzTarPerm extractEntry dist/bloom.js
36 silly gunzTarPerm extractEntry dist/bloom.min.js
37 silly gunzTarPerm extractEntry HISTORY.md
38 silly gunzTarPerm extractEntry bower.json
39 silly lockFile 4153b90f-3085-0-16801478597335517-package tar:///var/folders/fq/y2pdd3fj1_x1jc99hw5vfxc80000gn/T/npm-91147-UxVG_xkY/1430421473085-0.16801478597335517/package
40 silly lockFile 4153b90f-3085-0-16801478597335517-package tar:///var/folders/fq/y2pdd3fj1_x1jc99hw5vfxc80000gn/T/npm-91147-UxVG_xkY/1430421473085-0.16801478597335517/package
41 silly lockFile d5fd834e-3085-0-16801478597335517-tmp-tgz tar:///var/folders/fq/y2pdd3fj1_x1jc99hw5vfxc80000gn/T/npm-91147-UxVG_xkY/1430421473085-0.16801478597335517/tmp.tgz
42 silly lockFile d5fd834e-3085-0-16801478597335517-tmp-tgz tar:///var/folders/fq/y2pdd3fj1_x1jc99hw5vfxc80000gn/T/npm-91147-UxVG_xkY/1430421473085-0.16801478597335517/tmp.tgz
43 verbose tar pack [ '/Users/untoldone/.npm/bloom-js/0.0.3/package.tgz',
43 verbose tar pack   '/var/folders/fq/y2pdd3fj1_x1jc99hw5vfxc80000gn/T/npm-91147-UxVG_xkY/1430421473085-0.16801478597335517/package' ]
44 verbose tarball /Users/untoldone/.npm/bloom-js/0.0.3/package.tgz
45 verbose folder /var/folders/fq/y2pdd3fj1_x1jc99hw5vfxc80000gn/T/npm-91147-UxVG_xkY/1430421473085-0.16801478597335517/package
46 silly lockFile 4153b90f-3085-0-16801478597335517-package tar:///var/folders/fq/y2pdd3fj1_x1jc99hw5vfxc80000gn/T/npm-91147-UxVG_xkY/1430421473085-0.16801478597335517/package
47 verbose lock tar:///var/folders/fq/y2pdd3fj1_x1jc99hw5vfxc80000gn/T/npm-91147-UxVG_xkY/1430421473085-0.16801478597335517/package /Users/untoldone/.npm/4153b90f-3085-0-16801478597335517-package.lock
48 silly lockFile 79553d84-e-npm-bloom-js-0-0-3-package-tgz tar:///Users/untoldone/.npm/bloom-js/0.0.3/package.tgz
49 verbose lock tar:///Users/untoldone/.npm/bloom-js/0.0.3/package.tgz /Users/untoldone/.npm/79553d84-e-npm-bloom-js-0-0-3-package-tgz.lock
50 silly lockFile 4153b90f-3085-0-16801478597335517-package tar:///var/folders/fq/y2pdd3fj1_x1jc99hw5vfxc80000gn/T/npm-91147-UxVG_xkY/1430421473085-0.16801478597335517/package
51 silly lockFile 4153b90f-3085-0-16801478597335517-package tar:///var/folders/fq/y2pdd3fj1_x1jc99hw5vfxc80000gn/T/npm-91147-UxVG_xkY/1430421473085-0.16801478597335517/package
52 silly lockFile 79553d84-e-npm-bloom-js-0-0-3-package-tgz tar:///Users/untoldone/.npm/bloom-js/0.0.3/package.tgz
53 silly lockFile 79553d84-e-npm-bloom-js-0-0-3-package-tgz tar:///Users/untoldone/.npm/bloom-js/0.0.3/package.tgz
54 silly lockFile 39a86d14-ldone-npm-bloom-js-0-0-3-package /Users/untoldone/.npm/bloom-js/0.0.3/package
55 verbose lock /Users/untoldone/.npm/bloom-js/0.0.3/package /Users/untoldone/.npm/39a86d14-ldone-npm-bloom-js-0-0-3-package.lock
56 silly lockFile 39a86d14-ldone-npm-bloom-js-0-0-3-package /Users/untoldone/.npm/bloom-js/0.0.3/package
57 silly lockFile 39a86d14-ldone-npm-bloom-js-0-0-3-package /Users/untoldone/.npm/bloom-js/0.0.3/package
58 verbose tar unpack /Users/untoldone/.npm/bloom-js/0.0.3/package.tgz
59 silly lockFile a9e36037-ldone-npm-bloom-js-0-0-3-package tar:///Users/untoldone/.npm/bloom-js/0.0.3/package
60 verbose lock tar:///Users/untoldone/.npm/bloom-js/0.0.3/package /Users/untoldone/.npm/a9e36037-ldone-npm-bloom-js-0-0-3-package.lock
61 silly lockFile 79553d84-e-npm-bloom-js-0-0-3-package-tgz tar:///Users/untoldone/.npm/bloom-js/0.0.3/package.tgz
62 verbose lock tar:///Users/untoldone/.npm/bloom-js/0.0.3/package.tgz /Users/untoldone/.npm/79553d84-e-npm-bloom-js-0-0-3-package-tgz.lock
63 silly gunzTarPerm modes [ '755', '644' ]
64 silly gunzTarPerm extractEntry package.json
65 silly gunzTarPerm extractEntry .npmignore
66 silly gunzTarPerm extractEntry README.md
67 silly gunzTarPerm extractEntry Gruntfile.js
68 silly gunzTarPerm extractEntry .jshintrc
69 silly gunzTarPerm extractEntry HISTORY.md
70 silly gunzTarPerm extractEntry bower.json
71 silly gunzTarPerm extractEntry demo/index.html
72 silly gunzTarPerm extractEntry dist/bloom.js
73 silly gunzTarPerm extractEntry dist/bloom.min.js
74 silly gunzTarPerm extractEntry src/bloom.js
75 silly lockFile a9e36037-ldone-npm-bloom-js-0-0-3-package tar:///Users/untoldone/.npm/bloom-js/0.0.3/package
76 silly lockFile a9e36037-ldone-npm-bloom-js-0-0-3-package tar:///Users/untoldone/.npm/bloom-js/0.0.3/package
77 silly lockFile 79553d84-e-npm-bloom-js-0-0-3-package-tgz tar:///Users/untoldone/.npm/bloom-js/0.0.3/package.tgz
78 silly lockFile 79553d84-e-npm-bloom-js-0-0-3-package-tgz tar:///Users/untoldone/.npm/bloom-js/0.0.3/package.tgz
79 verbose chmod /Users/untoldone/.npm/bloom-js/0.0.3/package.tgz 644
80 verbose chown /Users/untoldone/.npm/bloom-js/0.0.3/package.tgz [ 501, 20 ]
81 silly lockFile 3a52ce78- .
82 silly lockFile 3a52ce78- .
83 silly publish { name: 'bloom-js',
83 silly publish   version: '0.0.3',
83 silly publish   description: 'API Client for BloomAPI.',
83 silly publish   keywords: [ 'physician', 'bloomapi', 'client' ],
83 silly publish   repository: { type: 'git', url: 'https://github.com/untoldone/bloomjs.git' },
83 silly publish   bugs: { url: 'https://github.com/untoldone/bloomjs/issues' },
83 silly publish   author:
83 silly publish    { name: 'Michael M. Wasser',
83 silly publish      url: 'https://github.com/untoldone' },
83 silly publish   homepage: 'http://www.bloomapi.com',
83 silly publish   main: 'src/bloom.js',
83 silly publish   contributors:
83 silly publish    [ { name: 'Michael M. Wasser',
83 silly publish        url: 'https://github.com/untoldone' } ],
83 silly publish   license: 'MIT',
83 silly publish   devDependencies:
83 silly publish    { grunt: '~0.4.5',
83 silly publish      'grunt-cli': '~0.1.13',
83 silly publish      'grunt-contrib-concat': '^0.5.1',
83 silly publish      'grunt-contrib-jshint': '^0.11.0',
83 silly publish      'grunt-contrib-uglify': '^0.8.0',
83 silly publish      'grunt-contrib-watch': '^0.6.1' },
83 silly publish   scripts: { test: 'grunt travis --verbose' },
83 silly publish   readme: 'BloomJS\n=======\n\nA browser-based and node.js client to [BloomAPI](http://www.bloomapi.com).\n\n# Setup\n\nThe following are steps to get BloomJS into your javascript-based project.\n\n## Browser\nPlace `dist/bloom.min.js` from the GitHub project or install it with bower (`bower install bloomjs`) into your project in a location accessible from the web. Include it in your site with a script tag\n\n    <script src="js/bloom.min.js"></script>\n\n## Node.js\n\n    npm install bloom-js\n\nUse it in your node project via\n\n    var bloomjs = require(\'bloom-js\');\n    \n# Client API\n\n**Create New Client**\n\n`bloomjs.Client(<API Key OR options>);`\n\n* Returns: BloomJS Client Object\n* `API Key` BloomAPI access key\n* `options` object can have the follow parameters\n  * `url` root url of BloomAPI (e.g. http://www.bloomapi.com/api)\n  * `apiKey` API Key\n\n###BloomJS Client Object\n\n`bloomClient.sources(<callback>)`\n* Returns nothing\n* `callback` a function that will be called once results retrieved. Paramters to callback include\n  * `error` an object that is set if something went wrong\n  * `response` an array of sources available\n\n`bloomClient.search(<source>, <search params>, <options>, <callback>)`\n\n* Returns nothing\n* `source` is a string that matches a BloomAPI data source name (e.g. \'usgov.hhs.npi\')\n* `search params` is a object that represnts a query. See *Example Usage* for expected object structure. *Optional*\n* `options` object with options to pass through that are not search params (e.g. \'offset\' and \'limit\') *Optional*\n* `callback` a function that will be called once results retrieved. Parameters to callback include\n  *  `error` an object that is set if something went wrong\n  *  `response` an array of results found given query\n  *  `info` additional information on the query/ response. Currently includes `meta` which is the metadata from the response (e.g. `rowCount` and `messages`)\n\n`bloomClient.find(<source>, <id>, <callback>)`\n* Returns nothing\n* `source` is a string that matches a BloomAPI data source name (e.g. \'usgov.hhs.npi\')\n* `id` a string that will be used to match the ID of the dataset (e.g. the ten-digit unique NPI or an HCPCS code)\n* `callback` a function that will be called once results retrieved. Parameters to callback include\n  *  `error` an object that is set if something went wrong\n  *  `response` an single result found given id\n\n# Example Usage\n\nThe following will work on both the browser (using JSONP behind the scenes) and Node.js:\n\n**Create a new client**\n\n    // Basic\n    var bloomClient = new bloomjs.Client();\n    \n    // If using an API Key\n    var bloomClient = new bloomjs.Client(\'<API Key Here>\');\n    \n    // If using your own server (with or without your own API keys)\n    var bloomClient = new bloomjs.Client({\n        url: "http://www.bloomapi.com/api",\n        apiKey: "<API Key Here>" // Optional\n    });\n\n**Query available datasources**\n\n      bloomClient.sources(function (error, response) {\n        if (error) return console.log(error.stack);\n        var source = response[0];\n        console.log(\'=== First available source\');\n        console.log(\'Name: \' + source.source);\n        console.log(\'Last Checked for Updates: \' + source.checked);\n      });\n\n**Search the National Provider Identifier (NPI) without parameters**\n\n      bloomClient.search(\'usgov.hhs.npi\', function (error, response, info) {\n        if (error) return console.log(error.stack);\n        console.log(\'=== First available NPI\');\n        console.log(\'NPI: \' + response[0].npi);\n        console.log(\'Total NPIs: \' + info[\'meta\'][\'rowCount\']);\n      });\n\n**Search HCPCS Procedure Codes for the code \'C9289\'**\n\n      bloomClient.search(\'usgov.hhs.hcpcs\', {\n        \'code\': \'C9289\'\n      }, function (error, response) {\n        if (error) return console.log(error.stack);\n        console.log(\'=== HCPCS code found\');\n        console.log(\'Code: \' + response[0].code);\n      });\n\n**Search HCPCS Procedure Codes for any code with word that starts with \'ambula\' in the description\'**\nThis also specifies an offset and limit using the options parameter.\n\n      bloomClient.search(\'usgov.hhs.hcpcs\', {\n          \'long_description\': {\n            \'prefix\': \'ambula\'\n          }\n        }, {\n          \'offset\': 0,\n          \'limit\': 10\n        }, function (error, response) {\n          if (error) return console.log(error.stack);\n          console.log(\'=== HCPCS code starting with ambula\');\n          console.log(\'Code: \' + response[0].code);\n        });\n\n**Search HCPCS for both code \'L8410\' and \'C9289\' (Logical OR)**\n\n      bloomClient.search(\'usgov.hhs.hcpcs\', {\n        \'code\': [\'L8410\', \'C9289\']\n      }, function (error, response) {\n        if (error) return console.log(error.stack);\n        console.log(\'=== HCPCS code with codes L8410 or C9289\');\n        console.log(\'Code: \' + response[0].code);\n        console.log(\'Code: \' + response[1].code);\n      });\n\n**Find a National Provider Identifier its NPI**\n\n    bloomClient.find(\'usgov.hhs.hcpcs\', 1770707127, function (error, response) {\n        if (error) return console.log(error.stack);\n        console.log(\'=== NPI details for 1770707127\');\n        console.log(\'NPI: \' + response.npi);\n    });\n',
83 silly publish   readmeFilename: 'README.md',
83 silly publish   _id: 'bloom-js@0.0.3',
83 silly publish   dist: { shasum: '6f44a8eb38168a7a2378afbae850dd0e76d793a3' },
83 silly publish   _from: '.' }
84 verbose url raw bloom-js
85 verbose url resolving [ 'https://registry.npmjs.org/', './bloom-js' ]
86 verbose url resolved https://registry.npmjs.org/bloom-js
87 info trying registry request attempt 1 at 12:17:53
88 http PUT https://registry.npmjs.org/bloom-js
89 http 403 https://registry.npmjs.org/bloom-js
90 error publish Failed PUT 403
91 error Error: "You cannot publish over the previously published version 0.0.3." : bloom-js
91 error     at RegClient.<anonymous> (/Users/untoldone/.nvm/v0.10.26/lib/node_modules/npm/node_modules/npm-registry-client/lib/request.js:237:14)
91 error     at Request.self.callback (/Users/untoldone/.nvm/v0.10.26/lib/node_modules/npm/node_modules/request/request.js:123:22)
91 error     at Request.EventEmitter.emit (events.js:98:17)
91 error     at Request.<anonymous> (/Users/untoldone/.nvm/v0.10.26/lib/node_modules/npm/node_modules/request/request.js:893:14)
91 error     at Request.EventEmitter.emit (events.js:117:20)
91 error     at IncomingMessage.<anonymous> (/Users/untoldone/.nvm/v0.10.26/lib/node_modules/npm/node_modules/request/request.js:844:12)
91 error     at IncomingMessage.EventEmitter.emit (events.js:117:20)
91 error     at _stream_readable.js:920:16
91 error     at process._tickCallback (node.js:415:13)
92 error If you need help, you may report this *entire* log,
92 error including the npm and node versions, at:
92 error     <http://github.com/npm/npm/issues>
93 error System Darwin 14.1.0
94 error command "/Users/untoldone/.nvm/v0.10.26/bin/node" "/Users/untoldone/.nvm/v0.10.26/bin/npm" "publish"
95 error cwd /Users/untoldone/Source/bloomjs
96 error node -v v0.10.26
97 error npm -v 1.4.3
98 verbose exit [ 1, true ]
